<?xml version="1.0" encoding="UTF-8"?>
<testsuite xmlns:xsi="http://www.w3.org/2001/XMLSchema-instance" xsi:noNamespaceSchemaLocation="https://maven.apache.org/surefire/maven-surefire-plugin/xsd/surefire-test-report.xsd" name="parallel.ParallelRun" time="56.615" tests="11" errors="0" skipped="0" failures="4">
  <properties>
[...]
</properties>
  <testcase name="runScenario" classname="parallel.ParallelRun" time="15.744"/>
  <testcase name="runScenario" classname="parallel.ParallelRun" time="0.361"/>
  <testcase name="runScenario" classname="parallel.ParallelRun" time="2.309">
    <failure type="java.lang.NullPointerException">java.lang.NullPointerException
</failure>
    <system-out><![CDATA[login with: ps8940@gmail.com and Sanvi@123
  When user fills the form from given sheetname "contactus" and rownumber 1                 # parallel.ContactUsSteps.user_fills_the_form_from_given_sheetname_and_rownumber(java.lang.String,java.lang.Integer)
      java.lang.NullPointerException
	at com.qa.utill.ExcelReader.readSheet(ExcelReader.java:49)
	at com.qa.utill.ExcelReader.getData(ExcelReader.java:24)
	at parallel.ContactUsSteps.user_fills_the_form_from_given_sheetname_and_rownumber(ContactUsSteps.java:32)
	at ✽.user fills the form from given sheetname "contactus" and rownumber 1(file:///Users/pradeepsingh/Desktop/Automation/AnthivAutomationSolution/src/test/resources/parallel/ContactUs.feature:5)

  When user fills the form from given sheetname "contactus" and rownumber 2                 # parallel.ContactUsSteps.user_fills_the_form_from_given_sheetname_and_rownumber(java.lang.String,java.lang.Integer)
      java.lang.NullPointerException
	at com.qa.utill.ExcelReader.readSheet(ExcelReader.java:49)
	at com.qa.utill.ExcelReader.getData(ExcelReader.java:24)
	at parallel.ContactUsSteps.user_fills_the_form_from_given_sheetname_and_rownumber(ContactUsSteps.java:32)
	at ✽.user fills the form from given sheetname "contactus" and rownumber 2(file:///Users/pradeepsingh/Desktop/Automation/AnthivAutomationSolution/src/test/resources/parallel/ContactUs.feature:5)

  When user fills the form from given sheetname "contactus" and rownumber 0                 # parallel.ContactUsSteps.user_fills_the_form_from_given_sheetname_and_rownumber(java.lang.String,java.lang.Integer)
      java.lang.NullPointerException
	at com.qa.utill.ExcelReader.readSheet(ExcelReader.java:49)
	at com.qa.utill.ExcelReader.getData(ExcelReader.java:24)
	at parallel.ContactUsSteps.user_fills_the_form_from_given_sheetname_and_rownumber(ContactUsSteps.java:32)
	at ✽.user fills the form from given sheetname "contactus" and rownumber 0(file:///Users/pradeepsingh/Desktop/Automation/AnthivAutomationSolution/src/test/resources/parallel/ContactUs.feature:5)

  When user fills the form from given sheetname "contactus" and rownumber 3                 # parallel.ContactUsSteps.user_fills_the_form_from_given_sheetname_and_rownumber(java.lang.String,java.lang.Integer)
      java.lang.NullPointerException
	at com.qa.utill.ExcelReader.readSheet(ExcelReader.java:49)
	at com.qa.utill.ExcelReader.getData(ExcelReader.java:24)
	at parallel.ContactUsSteps.user_fills_the_form_from_given_sheetname_and_rownumber(ContactUsSteps.java:32)
	at ✽.user fills the form from given sheetname "contactus" and rownumber 3(file:///Users/pradeepsingh/Desktop/Automation/AnthivAutomationSolution/src/test/resources/parallel/ContactUs.feature:5)

  And user clicks on send button                                                            # parallel.ContactUsSteps.user_clicks_on_send_button()
  Then it shows a successful message "Your message has been successfully sent to our team." # parallel.ContactUsSteps.it_shows_a_successful_message(java.lang.String)
  And user clicks on send button                                                            # parallel.ContactUsSteps.user_clicks_on_send_button()
  And user clicks on send button                                                            # parallel.ContactUsSteps.user_clicks_on_send_button()
  Then it shows a successful message "Your message has been successfully sent to our team." # parallel.ContactUsSteps.it_shows_a_successful_message(java.lang.String)
  Then it shows a successful message "Your message has been successfully sent to our team." # parallel.ContactUsSteps.it_shows_a_successful_message(java.lang.String)
  And user clicks on send button                                                            # parallel.ContactUsSteps.user_clicks_on_send_button()
  Then it shows a successful message "Your message has been successfully sent to our team." # parallel.ContactUsSteps.it_shows_a_successful_message(java.lang.String)

    Embedding Contact_Us_scenario_with_different_set_of_data [image/png 318305 bytes]


    Embedding Contact_Us_scenario_with_different_set_of_data [image/png 318305 bytes]


    Embedding Contact_Us_scenario_with_different_set_of_data [image/png 318305 bytes]

  And user clicks on Login button                  # parallel.LoginPageSteps.user_clicks_on_login_button()

    Embedding Contact_Us_scenario_with_different_set_of_data [image/png 318305 bytes]

Page title is: My account - My Store
  Then user gets the title of the page             # parallel.LoginPageSteps.user_gets_the_title_of_the_page()
  And page title should be "My account - My Store" # parallel.LoginPageSteps.page_title_should_be(java.lang.String)
]]></system-out>
    <system-err><![CDATA[Cleaning up unclosed ZipFile for archive /Users/pradeepsingh/Desktop/Automation/AnthivAutomationSolution/./src/main/java/com/qa/utill/automation.xlsx
Cleaning up unclosed ZipFile for archive /Users/pradeepsingh/Desktop/Automation/AnthivAutomationSolution/./src/main/java/com/qa/utill/automation.xlsx
Cleaning up unclosed ZipFile for archive /Users/pradeepsingh/Desktop/Automation/AnthivAutomationSolution/./src/main/java/com/qa/utill/automation.xlsx
Cleaning up unclosed ZipFile for archive /Users/pradeepsingh/Desktop/Automation/AnthivAutomationSolution/./src/main/java/com/qa/utill/automation.xlsx
Mar 28, 2021 10:40:08 PM org.openqa.selenium.remote.ProtocolHandshake createSession
INFO: Detected dialect: W3C
]]></system-err>
  </testcase>
  <testcase name="runScenario" classname="parallel.ParallelRun" time="2.309">
    <failure type="java.lang.NullPointerException">java.lang.NullPointerException
</failure>
  </testcase>
  <testcase name="runScenario" classname="parallel.ParallelRun" time="2.309">
    <failure type="java.lang.NullPointerException">java.lang.NullPointerException
</failure>
  </testcase>
  <testcase name="runScenario" classname="parallel.ParallelRun" time="2.333"/>
  <testcase name="runScenario" classname="parallel.ParallelRun" time="2.343">
    <failure type="java.lang.NullPointerException">java.lang.NullPointerException
</failure>
  </testcase>
  <testcase name="runScenario" classname="parallel.ParallelRun" time="3.021"/>
  <testcase name="runScenario" classname="parallel.ParallelRun" time="3.876"/>
  <testcase name="runScenario" classname="parallel.ParallelRun" time="4.97"/>
  <testcase name="runScenario" classname="parallel.ParallelRun" time="11.086"/>
</testsuite>