<?xml version="1.0" encoding="UTF-8"?>
<testng-results skipped="0" failed="4" ignored="0" total="11" passed="7">
  <reporter-output>
  </reporter-output>
  <suite name="Surefire suite" duration-ms="46401" started-at="2021-03-28T17:09:49Z" finished-at="2021-03-28T17:10:36Z">
    <groups>
      <group name="cucumber">
        <method signature="AbstractTestNGCucumberTests.runScenario(io.cucumber.testng.PickleWrapper, io.cucumber.testng.FeatureWrapper)[pri:0, instance:parallel.ParallelRun@675d3402]" name="runScenario" class="io.cucumber.testng.AbstractTestNGCucumberTests"/>
      </group> <!-- cucumber -->
    </groups>
    <test name="Surefire test" duration-ms="46401" started-at="2021-03-28T17:09:49Z" finished-at="2021-03-28T17:10:36Z">
      <class name="parallel.ParallelRun">
        <test-method status="PASS" signature="setUpClass()[pri:0, instance:parallel.ParallelRun@675d3402]" name="setUpClass" is-config="true" duration-ms="645" started-at="2021-03-28T17:09:49Z" finished-at="2021-03-28T17:09:50Z">
          <reporter-output>
          </reporter-output>
        </test-method> <!-- setUpClass -->
        <test-method status="PASS" signature="runScenario(io.cucumber.testng.PickleWrapper, io.cucumber.testng.FeatureWrapper)[pri:0, instance:parallel.ParallelRun@675d3402]" name="runScenario" duration-ms="18770" started-at="2021-03-28T17:09:50Z" description="Runs Cucumber Scenarios" data-provider="scenarios" finished-at="2021-03-28T17:10:09Z">
          <params>
            <param index="0">
              <value>
                <![CDATA["Accounts page title"]]>
              </value>
            </param>
            <param index="1">
              <value>
                <![CDATA["Optional[Account Page Feature]"]]>
              </value>
            </param>
          </params>
          <reporter-output>
          </reporter-output>
        </test-method> <!-- runScenario -->
        <test-method status="PASS" signature="runScenario(io.cucumber.testng.PickleWrapper, io.cucumber.testng.FeatureWrapper)[pri:0, instance:parallel.ParallelRun@675d3402]" name="runScenario" duration-ms="16109" started-at="2021-03-28T17:09:50Z" description="Runs Cucumber Scenarios" data-provider="scenarios" finished-at="2021-03-28T17:10:06Z">
          <params>
            <param index="0">
              <value>
                <![CDATA["Login page title"]]>
              </value>
            </param>
            <param index="1">
              <value>
                <![CDATA["Optional[Login page feature]"]]>
              </value>
            </param>
          </params>
          <reporter-output>
          </reporter-output>
        </test-method> <!-- runScenario -->
        <test-method status="FAIL" signature="runScenario(io.cucumber.testng.PickleWrapper, io.cucumber.testng.FeatureWrapper)[pri:0, instance:parallel.ParallelRun@675d3402]" name="runScenario" duration-ms="18091" started-at="2021-03-28T17:09:50Z" description="Runs Cucumber Scenarios" data-provider="scenarios" finished-at="2021-03-28T17:10:08Z">
          <params>
            <param index="0">
              <value>
                <![CDATA["Contact Us scenario with different set of data"]]>
              </value>
            </param>
            <param index="1">
              <value>
                <![CDATA["Optional[Contact Us Feature]"]]>
              </value>
            </param>
          </params>
          <exception class="java.lang.NullPointerException">
            <full-stacktrace>
              <![CDATA[java.lang.NullPointerException
at com.qa.utill.ExcelReader.readSheet(ExcelReader.java:49)
at com.qa.utill.ExcelReader.getData(ExcelReader.java:24)
at parallel.ContactUsSteps.user_fills_the_form_from_given_sheetname_and_rownumber(ContactUsSteps.java:32)
at ✽.user fills the form from given sheetname "contactus" and rownumber 3(file:///Users/pradeepsingh/Desktop/Automation/AnthivAutomationSolution/src/test/resources/parallel/ContactUs.feature:5)
]]>
            </full-stacktrace>
          </exception> <!-- java.lang.NullPointerException -->
          <reporter-output>
          </reporter-output>
        </test-method> <!-- runScenario -->
        <test-method status="PASS" signature="runScenario(io.cucumber.testng.PickleWrapper, io.cucumber.testng.FeatureWrapper)[pri:0, instance:parallel.ParallelRun@675d3402]" name="runScenario" duration-ms="19623" started-at="2021-03-28T17:09:50Z" description="Runs Cucumber Scenarios" data-provider="scenarios" finished-at="2021-03-28T17:10:10Z">
          <params>
            <param index="0">
              <value>
                <![CDATA["Accounts page title"]]>
              </value>
            </param>
            <param index="1">
              <value>
                <![CDATA["Optional[Account Page Feature]"]]>
              </value>
            </param>
          </params>
          <reporter-output>
          </reporter-output>
        </test-method> <!-- runScenario -->
        <test-method status="FAIL" signature="runScenario(io.cucumber.testng.PickleWrapper, io.cucumber.testng.FeatureWrapper)[pri:0, instance:parallel.ParallelRun@675d3402]" name="runScenario" duration-ms="18047" started-at="2021-03-28T17:09:50Z" description="Runs Cucumber Scenarios" data-provider="scenarios" finished-at="2021-03-28T17:10:08Z">
          <params>
            <param index="0">
              <value>
                <![CDATA["Contact Us scenario with different set of data"]]>
              </value>
            </param>
            <param index="1">
              <value>
                <![CDATA["Optional[Contact Us Feature]"]]>
              </value>
            </param>
          </params>
          <exception class="java.lang.NullPointerException">
            <full-stacktrace>
              <![CDATA[java.lang.NullPointerException
at com.qa.utill.ExcelReader.readSheet(ExcelReader.java:49)
at com.qa.utill.ExcelReader.getData(ExcelReader.java:24)
at parallel.ContactUsSteps.user_fills_the_form_from_given_sheetname_and_rownumber(ContactUsSteps.java:32)
at ✽.user fills the form from given sheetname "contactus" and rownumber 0(file:///Users/pradeepsingh/Desktop/Automation/AnthivAutomationSolution/src/test/resources/parallel/ContactUs.feature:5)
]]>
            </full-stacktrace>
          </exception> <!-- java.lang.NullPointerException -->
          <reporter-output>
          </reporter-output>
        </test-method> <!-- runScenario -->
        <test-method status="FAIL" signature="runScenario(io.cucumber.testng.PickleWrapper, io.cucumber.testng.FeatureWrapper)[pri:0, instance:parallel.ParallelRun@675d3402]" name="runScenario" duration-ms="18047" started-at="2021-03-28T17:09:50Z" description="Runs Cucumber Scenarios" data-provider="scenarios" finished-at="2021-03-28T17:10:08Z">
          <params>
            <param index="0">
              <value>
                <![CDATA["Contact Us scenario with different set of data"]]>
              </value>
            </param>
            <param index="1">
              <value>
                <![CDATA["Optional[Contact Us Feature]"]]>
              </value>
            </param>
          </params>
          <exception class="java.lang.NullPointerException">
            <full-stacktrace>
              <![CDATA[java.lang.NullPointerException
at com.qa.utill.ExcelReader.readSheet(ExcelReader.java:49)
at com.qa.utill.ExcelReader.getData(ExcelReader.java:24)
at parallel.ContactUsSteps.user_fills_the_form_from_given_sheetname_and_rownumber(ContactUsSteps.java:32)
at ✽.user fills the form from given sheetname "contactus" and rownumber 2(file:///Users/pradeepsingh/Desktop/Automation/AnthivAutomationSolution/src/test/resources/parallel/ContactUs.feature:5)
]]>
            </full-stacktrace>
          </exception> <!-- java.lang.NullPointerException -->
          <reporter-output>
          </reporter-output>
        </test-method> <!-- runScenario -->
        <test-method status="FAIL" signature="runScenario(io.cucumber.testng.PickleWrapper, io.cucumber.testng.FeatureWrapper)[pri:0, instance:parallel.ParallelRun@675d3402]" name="runScenario" duration-ms="18051" started-at="2021-03-28T17:09:50Z" description="Runs Cucumber Scenarios" data-provider="scenarios" finished-at="2021-03-28T17:10:08Z">
          <params>
            <param index="0">
              <value>
                <![CDATA["Contact Us scenario with different set of data"]]>
              </value>
            </param>
            <param index="1">
              <value>
                <![CDATA["Optional[Contact Us Feature]"]]>
              </value>
            </param>
          </params>
          <exception class="java.lang.NullPointerException">
            <full-stacktrace>
              <![CDATA[java.lang.NullPointerException
at com.qa.utill.ExcelReader.readSheet(ExcelReader.java:49)
at com.qa.utill.ExcelReader.getData(ExcelReader.java:24)
at parallel.ContactUsSteps.user_fills_the_form_from_given_sheetname_and_rownumber(ContactUsSteps.java:32)
at ✽.user fills the form from given sheetname "contactus" and rownumber 1(file:///Users/pradeepsingh/Desktop/Automation/AnthivAutomationSolution/src/test/resources/parallel/ContactUs.feature:5)
]]>
            </full-stacktrace>
          </exception> <!-- java.lang.NullPointerException -->
          <reporter-output>
          </reporter-output>
        </test-method> <!-- runScenario -->
        <test-method status="PASS" signature="runScenario(io.cucumber.testng.PickleWrapper, io.cucumber.testng.FeatureWrapper)[pri:0, instance:parallel.ParallelRun@675d3402]" name="runScenario" duration-ms="18081" started-at="2021-03-28T17:09:50Z" description="Runs Cucumber Scenarios" data-provider="scenarios" finished-at="2021-03-28T17:10:08Z">
          <params>
            <param index="0">
              <value>
                <![CDATA["Login with correct credentials"]]>
              </value>
            </param>
            <param index="1">
              <value>
                <![CDATA["Optional[Login page feature]"]]>
              </value>
            </param>
          </params>
          <reporter-output>
          </reporter-output>
        </test-method> <!-- runScenario -->
        <test-method status="PASS" signature="runScenario(io.cucumber.testng.PickleWrapper, io.cucumber.testng.FeatureWrapper)[pri:0, instance:parallel.ParallelRun@675d3402]" name="runScenario" duration-ms="20718" started-at="2021-03-28T17:09:50Z" description="Runs Cucumber Scenarios" data-provider="scenarios" finished-at="2021-03-28T17:10:11Z">
          <params>
            <param index="0">
              <value>
                <![CDATA["Accounts section count"]]>
              </value>
            </param>
            <param index="1">
              <value>
                <![CDATA["Optional[Account Page Feature]"]]>
              </value>
            </param>
          </params>
          <reporter-output>
          </reporter-output>
        </test-method> <!-- runScenario -->
        <test-method status="PASS" signature="runScenario(io.cucumber.testng.PickleWrapper, io.cucumber.testng.FeatureWrapper)[pri:0, instance:parallel.ParallelRun@675d3402]" name="runScenario" duration-ms="15741" started-at="2021-03-28T17:09:50Z" description="Runs Cucumber Scenarios" data-provider="scenarios" finished-at="2021-03-28T17:10:06Z">
          <params>
            <param index="0">
              <value>
                <![CDATA["Forgot Password link"]]>
              </value>
            </param>
            <param index="1">
              <value>
                <![CDATA["Optional[Login page feature]"]]>
              </value>
            </param>
          </params>
          <reporter-output>
          </reporter-output>
        </test-method> <!-- runScenario -->
        <test-method status="PASS" signature="runScenario(io.cucumber.testng.PickleWrapper, io.cucumber.testng.FeatureWrapper)[pri:0, instance:parallel.ParallelRun@675d3402]" name="runScenario" duration-ms="11090" started-at="2021-03-28T17:10:06Z" description="Runs Cucumber Scenarios" data-provider="scenarios" finished-at="2021-03-28T17:10:17Z">
          <params>
            <param index="0">
              <value>
                <![CDATA["Accounts section count"]]>
              </value>
            </param>
            <param index="1">
              <value>
                <![CDATA["Optional[Account Page Feature]"]]>
              </value>
            </param>
          </params>
          <reporter-output>
          </reporter-output>
        </test-method> <!-- runScenario -->
        <test-method status="PASS" signature="tearDownClass()[pri:0, instance:parallel.ParallelRun@675d3402]" name="tearDownClass" is-config="true" duration-ms="18881" started-at="2021-03-28T17:10:17Z" finished-at="2021-03-28T17:10:36Z">
          <reporter-output>
          </reporter-output>
        </test-method> <!-- tearDownClass -->
      </class> <!-- parallel.ParallelRun -->
    </test> <!-- Surefire test -->
  </suite> <!-- Surefire suite -->
</testng-results>
